<?xml version="1.0" encoding="UTF-8"?>
<testng-results ignored="0" total="1" passed="1" failed="0" skipped="0">
  <reporter-output>
  </reporter-output>
  <suite started-at="2021-06-30T17:46:28Z" name="Default suite" finished-at="2021-06-30T17:47:17Z" duration-ms="48647">
    <groups>
    </groups>
    <test started-at="2021-06-30T17:46:28Z" name="Default test" finished-at="2021-06-30T17:47:17Z" duration-ms="48647">
      <class name="selenium.assignment2.AppTest">
        <test-method is-config="true" signature="createWebDriver()[pri:0, instance:selenium.assignment2.AppTest@1eb5174b]" started-at="2021-06-30T17:46:28Z" name="createWebDriver" finished-at="2021-06-30T17:46:32Z" duration-ms="4048" status="PASS">
          <reporter-output>
          </reporter-output>
        </test-method> <!-- createWebDriver -->
        <test-method signature="verifyUsernameAndPrice()[pri:0, instance:selenium.assignment2.AppTest@1eb5174b]" started-at="2021-06-30T17:46:32Z" name="verifyUsernameAndPrice" finished-at="2021-06-30T17:47:16Z" duration-ms="43267" status="PASS">
          <reporter-output>
          </reporter-output>
        </test-method> <!-- verifyUsernameAndPrice -->
        <test-method is-config="true" signature="quitWebDriver(org.testng.ITestResult)[pri:0, instance:selenium.assignment2.AppTest@1eb5174b]" started-at="2021-06-30T17:47:16Z" name="quitWebDriver" finished-at="2021-06-30T17:47:17Z" duration-ms="1318" status="PASS">
          <params>
            <param index="0">
              <value>
                <![CDATA[[TestResult name=verifyUsernameAndPrice status=SUCCESS method=AppTest.verifyUsernameAndPrice()[pri:0, instance:selenium.assignment2.AppTest@1eb5174b] output={null}]]]>
              </value>
            </param>
          </params>
          <reporter-output>
          </reporter-output>
        </test-method> <!-- quitWebDriver -->
      </class> <!-- selenium.assignment2.AppTest -->
    </test> <!-- Default test -->
  </suite> <!-- Default suite -->
</testng-results>
